<?xml version="1.0" encoding="UTF-8"?>
<!-- Generated by org.testng.reporters.JUnitXMLReporter -->
<testsuite hostname="Sunil-PC" ignored="1" name="Default test" tests="1" failures="0" timestamp="02 Jun 2019 10:06:39 GMT" time="6.003" errors="0">
  <testcase name="getAPITestWithoutHeader" time="5.902" classname="com.qa.apitest.GetAPITest"/>
  <testcase name="getAPITestWithHeader" time="0.0" classname="com.qa.apitest.GetAPITest">
    <ignored/>
  </testcase> <!-- getAPITestWithHeader -->
</testsuite> <!-- Default test -->
