<?xml version="1.0" encoding="UTF-8"?>
<testng-results skipped="0" failed="0" ignored="1" total="2" passed="1">
  <reporter-output>
  </reporter-output>
  <suite name="Default suite" duration-ms="6003" started-at="2019-06-02T10:06:33Z" finished-at="2019-06-02T10:06:39Z">
    <groups>
    </groups>
    <test name="Default test" duration-ms="6003" started-at="2019-06-02T10:06:33Z" finished-at="2019-06-02T10:06:39Z">
      <class name="com.qa.apitest.GetAPITest">
        <test-method status="PASS" signature="setUp()[pri:0, instance:com.qa.apitest.GetAPITest@1057a39]" name="setUp" is-config="true" duration-ms="21" started-at="2019-06-02T10:06:33Z" finished-at="2019-06-02T10:06:33Z">
          <reporter-output>
          </reporter-output>
        </test-method> <!-- setUp -->
        <test-method status="PASS" signature="getAPITestWithoutHeader()[pri:1, instance:com.qa.apitest.GetAPITest@1057a39]" name="getAPITestWithoutHeader" duration-ms="5902" started-at="2019-06-02T10:06:33Z" finished-at="2019-06-02T10:06:39Z">
          <reporter-output>
          </reporter-output>
        </test-method> <!-- getAPITestWithoutHeader -->
      </class> <!-- com.qa.apitest.GetAPITest -->
    </test> <!-- Default test -->
  </suite> <!-- Default suite -->
</testng-results>
